This is pdfTeX, Version 3.14159265-2.6-1.40.15 (TeX Live 2014) (preloaded format=pdftex 2014.6.26)  2 JUN 2015 14:18
entering extended mode
 restricted \write18 enabled.
 file:line:error style messages enabled.
 %&-line parsing enabled.
**acm_proc_article-sp.cls
(./acm_proc_article-sp.cls
./acm_proc_article-sp.cls:48: Undefined control sequence.
l.48 \usepackage
                {epsfig}
? 
./acm_proc_article-sp.cls:48: Emergency stop.
l.48 \usepackage
                {epsfig}
End of file on the terminal!

./acm_proc_article-sp.cls:48:  ==> Fatal error occurred, no output PDF file pro
duced!
   
                                                  
l.48 \usepackage{
                 epsfig}
? 
./acm_proc_article-sp.cls:48: Emergency stop.
 ...                                              
                                                  
l.48 \usepackage{
                 epsfig}
\usepackage may only appear in the document preamble, i.e.,
between \documentclass and \begin{document}.

 
Here is how much of TeX's memory you used:
 10 strings out of 494522
 347 string characters out of 6167205
 47238 words of memory out of 5000000
 3368 multiletter control sequences out of 15000+600000
 3640 words of font info for 14 fonts, out of 8000000 for 9000
 319 hyphenation exceptions out of 8191
 5i,0n,5p,151b,14s stack positions out of 5000i,500n,10000p,200000b,80000s
./acm_proc_article-sp.cls:48:  ==> Fatal error occurred, no output PDF file pro
duced!
                            
l.50 \usepackage{
                 amsmath}
\usepackage may only appear in the document preamble, i.e.,
between \documentclass and \begin{document}.

 
Here is how much of TeX's memory you used:
 9 strings out of 495179
 262 string characters out of 6175627
 47323 words of memory out of 5000000
 3348 multiletter control sequences out of 15000+600000
 3640 words of font info for 14 fonts, out of 8000000 for 9000
 319 hyphenation exceptions out of 8191
 5i,0n,5p,151b,14s stack positions out of 5000i,500n,10000p,200000b,80000s
No pages of output.
